{
  "RSpec": {
    "coverage": {
      "/home/chinderer/Code/RailsProjects/personalwebsite/spec/spec_helper.rb": [
        null,
        null,
        null,
        null,
        null,
        null,
        null,
        null,
        null,
        null,
        null,
        null,
        null,
        null,
        null,
        null,
        1,
        null,
        null,
        null,
        null,
        null,
        null,
        null,
        null,
        null,
        null,
        null,
        null,
        null,
        null,
        null,
        null,
        null,
        null,
        null,
        null,
        null,
        null,
        null,
        null,
        null,
        null,
        null,
        null,
        null,
        null,
        null,
        null,
        null,
        null,
        null,
        null,
        null,
        null,
        null,
        null,
        null,
        null,
        null,
        null,
        null,
        null,
        null,
        null,
        null,
        null,
        null,
        null,
        null,
        null,
        null,
        null,
        null,
        null,
        null,
        null,
        null
      ],
      "/home/chinderer/Code/RailsProjects/personalwebsite/config/environment.rb": [
        null,
        1,
        null,
        null,
        1
      ],
      "/home/chinderer/Code/RailsProjects/personalwebsite/config/application.rb": [
        1,
        null,
        1,
        null,
        null,
        null,
        1,
        null,
        1,
        1,
        null,
        null,
        null,
        null,
        null,
        null,
        null,
        null,
        null,
        null,
        null,
        1,
        null,
        null
      ],
      "/home/chinderer/Code/RailsProjects/personalwebsite/config/boot.rb": [
        null,
        1,
        null,
        1
      ],
      "/home/chinderer/Code/RailsProjects/personalwebsite/config/environments/test.rb": [
        1,
        null,
        null,
        null,
        null,
        null,
        null,
        1,
        null,
        null,
        null,
        null,
        1,
        null,
        null,
        1,
        1,
        null,
        null,
        1,
        1,
        null,
        null,
        1,
        null,
        null,
        1,
        null,
        null,
        null,
        null,
        1,
        null,
        null,
        1,
        null
      ],
      "/home/chinderer/Code/RailsProjects/personalwebsite/config/initializers/backtrace_silencers.rb": [
        null,
        null,
        null,
        null,
        null,
        null,
        null
      ],
      "/home/chinderer/Code/RailsProjects/personalwebsite/config/initializers/devise.rb": [
        null,
        null,
        1,
        null,
        null,
        null,
        1,
        null,
        null,
        null,
        null,
        null,
        1,
        null,
        null,
        null,
        null,
        null,
        null,
        null,
        null,
        1,
        null,
        null,
        null,
        null,
        null,
        null,
        null,
        null,
        null,
        null,
        null,
        null,
        null,
        null,
        null,
        null,
        null,
        null,
        null,
        null,
        null,
        1,
        null,
        null,
        null,
        null,
        1,
        null,
        null,
        null,
        null,
        null,
        null,
        null,
        null,
        null,
        null,
        null,
        null,
        null,
        null,
        null,
        null,
        null,
        null,
        null,
        null,
        null,
        null,
        null,
        null,
        null,
        null,
        null,
        null,
        null,
        null,
        1,
        null,
        null,
        null,
        null,
        null,
        null,
        null,
        null,
        null,
        null,
        null,
        null,
        null,
        null,
        null,
        null,
        1,
        null,
        null,
        null,
        null,
        null,
        null,
        null,
        null,
        null,
        null,
        null,
        null,
        null,
        null,
        null,
        null,
        null,
        null,
        null,
        null,
        null,
        null,
        null,
        null,
        1,
        null,
        null,
        null,
        null,
        null,
        null,
        null,
        null,
        null,
        null,
        null,
        null,
        null,
        null,
        null,
        null,
        null,
        1,
        null,
        null,
        null,
        null,
        null,
        null,
        null,
        null,
        null,
        null,
        null,
        null,
        null,
        null,
        null,
        null,
        null,
        null,
        null,
        null,
        null,
        null,
        null,
        null,
        null,
        null,
        null,
        null,
        null,
        null,
        null,
        null,
        null,
        null,
        null,
        null,
        null,
        null,
        null,
        null,
        null,
        null,
        null,
        null,
        null,
        null,
        null,
        null,
        1,
        null,
        null,
        null,
        null,
        null,
        null,
        null,
        null,
        null,
        null,
        null,
        null,
        null,
        null,
        null,
        null,
        null,
        null,
        null,
        null,
        null,
        null,
        null,
        null,
        null,
        null,
        null,
        null,
        null,
        null,
        null,
        null,
        null,
        null,
        null,
        null,
        null,
        1,
        null,
        null,
        null,
        null,
        null,
        null,
        null,
        null,
        null,
        null,
        null,
        null,
        null,
        null,
        null,
        null,
        null,
        null,
        null,
        null,
        null,
        null,
        null,
        null,
        null,
        null,
        null,
        null,
        null
      ],
      "/home/chinderer/Code/RailsProjects/personalwebsite/config/initializers/filter_parameter_logging.rb": [
        null,
        null,
        null,
        1
      ],
      "/home/chinderer/Code/RailsProjects/personalwebsite/config/initializers/inflections.rb": [
        null,
        null,
        null,
        null,
        null,
        null,
        null,
        null,
        null,
        null,
        null,
        null,
        null,
        null,
        null,
        null
      ],
      "/home/chinderer/Code/RailsProjects/personalwebsite/config/initializers/mime_types.rb": [
        null,
        null,
        null,
        null,
        null
      ],
      "/home/chinderer/Code/RailsProjects/personalwebsite/config/initializers/secret_token.rb": [
        null,
        null,
        null,
        null,
        null,
        null,
        null,
        null,
        null,
        null,
        null,
        1
      ],
      "/home/chinderer/Code/RailsProjects/personalwebsite/config/initializers/session_store.rb": [
        null,
        null,
        1
      ],
      "/home/chinderer/Code/RailsProjects/personalwebsite/config/initializers/wrap_parameters.rb": [
        null,
        null,
        null,
        null,
        null,
        null,
        1,
        1,
        null,
        null,
        null,
        null,
        null,
        null
      ],
      "/home/chinderer/Code/RailsProjects/personalwebsite/spec/factories/admins.rb": [
        1,
        1,
        null,
        null
      ],
      "/home/chinderer/Code/RailsProjects/personalwebsite/spec/factories/categories.rb": [
        1,
        1,
        1,
        null,
        null
      ],
      "/home/chinderer/Code/RailsProjects/personalwebsite/spec/factories/comments.rb": [
        1,
        1,
        1,
        5,
        8,
        8,
        null,
        null,
        1,
        1,
        1,
        null,
        null
      ],
      "/home/chinderer/Code/RailsProjects/personalwebsite/spec/factories/posts.rb": [
        1,
        1,
        32,
        40,
        1,
        1,
        null,
        null,
        1,
        1,
        null,
        null
      ],
      "/home/chinderer/Code/RailsProjects/personalwebsite/spec/factories/tags.rb": [
        1,
        1,
        1,
        null,
        null,
        1,
        1,
        null,
        null
      ],
      "/home/chinderer/Code/RailsProjects/personalwebsite/config/routes.rb": [
        1,
        1,
        1,
        1,
        null,
        1,
        1,
        1,
        1,
        null,
        1,
        1,
        null,
        null,
        1,
        null
      ],
      "/home/chinderer/Code/RailsProjects/personalwebsite/app/models/admin.rb": [
        1,
        null,
        null,
        null,
        null,
        1,
        null
      ],
      "/home/chinderer/Code/RailsProjects/personalwebsite/app/helpers/application_helper.rb": [
        1,
        null
      ],
      "/home/chinderer/Code/RailsProjects/personalwebsite/app/helpers/comments_helper.rb": [
        1,
        null,
        1,
        1,
        0,
        0,
        null,
        0,
        0,
        null,
        null,
        null
      ],
      "/home/chinderer/Code/RailsProjects/personalwebsite/app/helpers/markdown_helper.rb": [
        1,
        1,
        null,
        1,
        1,
        0,
        null,
        0,
        0,
        null,
        null,
        1,
        1,
        0,
        null,
        null,
        null
      ],
      "/home/chinderer/Code/RailsProjects/personalwebsite/app/helpers/posts_helper.rb": [
        1,
        1,
        0,
        null,
        null,
        1,
        0,
        null,
        null,
        null,
        1,
        0,
        null,
        null
      ],
      "/home/chinderer/Code/RailsProjects/personalwebsite/app/helpers/social_media_links_helper.rb": [
        1,
        1,
        0,
        null,
        null,
        1,
        0,
        null,
        null,
        1,
        0,
        null,
        null,
        1,
        0,
        null,
        null,
        1,
        0,
        null,
        null
      ],
      "/home/chinderer/Code/RailsProjects/personalwebsite/spec/support/controller_macros.rb": [
        1,
        1,
        4,
        46,
        46,
        null,
        null,
        null
      ],
      "/home/chinderer/Code/RailsProjects/personalwebsite/spec/controllers/comments_controller_spec.rb": [
        1,
        1,
        null,
        1,
        1,
        2,
        2,
        2,
        null,
        null,
        1,
        1,
        1,
        1,
        null,
        null,
        1,
        1,
        1,
        null,
        null,
        null,
        1,
        1,
        1,
        2,
        null,
        null,
        1,
        1,
        1,
        null,
        null,
        null,
        1,
        1,
        1,
        null,
        null,
        null,
        1,
        1,
        3,
        null,
        null,
        1,
        1,
        1,
        1,
        null,
        null,
        1,
        1,
        1,
        null,
        null,
        null,
        1,
        1,
        1,
        null,
        null,
        null,
        null,
        1,
        1,
        2,
        null,
        null,
        1,
        1,
        1,
        null,
        null,
        null,
        1,
        1,
        1,
        null,
        null,
        null
      ],
      "/home/chinderer/Code/RailsProjects/personalwebsite/app/controllers/comments_controller.rb": [
        1,
        1,
        1,
        null,
        null,
        1,
        2,
        null,
        null,
        1,
        5,
        5,
        2,
        null,
        3,
        null,
        null,
        null,
        1,
        2,
        2,
        2,
        2,
        null,
        null,
        null,
        1,
        1,
        9,
        0,
        0,
        null,
        null,
        null,
        1,
        5,
        null,
        null
      ],
      "/home/chinderer/Code/RailsProjects/personalwebsite/app/controllers/application_controller.rb": [
        1,
        null,
        null,
        1,
        null
      ],
      "/home/chinderer/Code/RailsProjects/personalwebsite/spec/controllers/contact_controller_spec.rb": [
        1,
        null,
        1,
        1,
        1,
        1,
        1,
        null,
        null,
        1,
        1,
        1,
        null,
        null,
        null,
        null
      ],
      "/home/chinderer/Code/RailsProjects/personalwebsite/app/controllers/contact_controller.rb": [
        1,
        1,
        null,
        null
      ],
      "/home/chinderer/Code/RailsProjects/personalwebsite/spec/controllers/manage_controller_spec.rb": [
        1,
        1,
        null,
        1,
        1,
        1,
        1,
        1,
        null,
        null,
        1,
        1,
        1,
        1,
        null,
        null,
        1,
        1,
        1,
        null,
        null,
        null
      ],
      "/home/chinderer/Code/RailsProjects/personalwebsite/app/controllers/manage_controller.rb": [
        1,
        1,
        null,
        1,
        3,
        null,
        null
      ],
      "/home/chinderer/Code/RailsProjects/personalwebsite/spec/controllers/posts_controller_spec.rb": [
        1,
        1,
        null,
        1,
        1,
        1,
        1,
        1,
        null,
        null,
        1,
        1,
        1,
        1,
        null,
        null,
        1,
        1,
        1,
        null,
        null,
        null,
        1,
        1,
        3,
        null,
        null,
        1,
        1,
        1,
        1,
        null,
        null,
        1,
        1,
        1,
        null,
        null,
        1,
        1,
        1,
        null,
        null,
        null,
        1,
        1,
        2,
        null,
        null,
        1,
        1,
        1,
        1,
        null,
        null,
        1,
        1,
        1,
        null,
        null,
        null,
        1,
        1,
        1,
        2,
        null,
        null,
        1,
        1,
        1,
        null,
        null,
        null,
        1,
        1,
        1,
        null,
        null,
        null,
        1,
        1,
        3,
        null,
        null,
        1,
        1,
        1,
        1,
        null,
        null,
        1,
        1,
        1,
        null,
        null,
        null,
        1,
        1,
        1,
        null,
        null,
        null,
        null,
        1,
        1,
        3,
        null,
        null,
        1,
        1,
        1,
        1,
        null,
        null,
        1,
        1,
        1,
        null,
        null,
        1,
        1,
        1,
        null,
        null,
        null,
        1,
        1,
        7,
        null,
        null,
        1,
        1,
        3,
        null,
        null,
        1,
        1,
        1,
        null,
        null,
        1,
        1,
        1,
        1,
        1,
        null,
        null,
        1,
        1,
        1,
        null,
        null,
        null,
        1,
        1,
        4,
        null,
        null,
        1,
        1,
        1,
        1,
        null,
        null,
        1,
        1,
        1,
        null,
        null,
        1,
        1,
        1,
        1,
        null,
        null,
        1,
        1,
        1,
        null,
        null,
        null,
        null,
        1,
        1,
        2,
        null,
        null,
        1,
        1,
        1,
        null,
        null,
        null,
        1,
        1,
        1,
        null,
        null,
        null,
        null
      ],
      "/home/chinderer/Code/RailsProjects/personalwebsite/app/controllers/posts_controller.rb": [
        1,
        1,
        null,
        1,
        3,
        0,
        3,
        0,
        3,
        3,
        null,
        0,
        null,
        null,
        null,
        1,
        3,
        null,
        null,
        1,
        2,
        2,
        null,
        null,
        1,
        5,
        5,
        2,
        2,
        null,
        3,
        null,
        null,
        null,
        1,
        3,
        3,
        null,
        null,
        1,
        7,
        7,
        3,
        3,
        null,
        4,
        null,
        null,
        null,
        1,
        2,
        2,
        2,
        2,
        null,
        null,
        1,
        1,
        12,
        null,
        null
      ],
      "/home/chinderer/Code/RailsProjects/personalwebsite/spec/controllers/resume_controller_spec.rb": [
        1,
        null,
        1,
        1,
        1,
        1,
        1,
        null,
        null,
        1,
        1,
        1,
        null,
        null,
        null,
        null
      ],
      "/home/chinderer/Code/RailsProjects/personalwebsite/app/controllers/resume_controller.rb": [
        1,
        1,
        2,
        2,
        2,
        2,
        null,
        null
      ],
      "/home/chinderer/Code/RailsProjects/personalwebsite/spec/controllers/tags_controller_spec.rb": [
        1,
        1,
        null,
        1,
        1,
        1,
        1,
        1,
        null,
        null,
        1,
        1,
        1,
        1,
        null,
        null,
        1,
        1,
        1,
        null,
        null,
        null,
        1,
        1,
        1,
        2,
        null,
        null,
        1,
        1,
        1,
        null,
        null,
        null,
        1,
        1,
        1,
        null,
        null,
        null,
        1,
        1,
        2,
        null,
        null,
        1,
        1,
        1,
        null,
        null,
        null,
        1,
        1,
        1,
        null,
        null,
        null,
        null,
        1,
        1,
        2,
        null,
        null,
        1,
        1,
        1,
        null,
        null,
        null,
        1,
        1,
        1,
        null,
        null,
        null,
        null
      ],
      "/home/chinderer/Code/RailsProjects/personalwebsite/app/controllers/tags_controller.rb": [
        1,
        1,
        null,
        1,
        3,
        null,
        null,
        1,
        4,
        4,
        2,
        null,
        4,
        null,
        null,
        1,
        2,
        2,
        2,
        2,
        null,
        null,
        1,
        1,
        4,
        null,
        null
      ],
      "/home/chinderer/Code/RailsProjects/personalwebsite/spec/models/comment_spec.rb": [
        1,
        2,
        2,
        null,
        2,
        null,
        2,
        2,
        null
      ],
      "/home/chinderer/Code/RailsProjects/personalwebsite/app/models/comment.rb": [
        1,
        1,
        1,
        1,
        1,
        null,
        1,
        null,
        1,
        1,
        4,
        null,
        null
      ],
      "/home/chinderer/Code/RailsProjects/personalwebsite/spec/models/post_spec.rb": [
        1,
        2,
        2,
        2,
        2,
        null
      ],
      "/home/chinderer/Code/RailsProjects/personalwebsite/app/models/post.rb": [
        1,
        1,
        1,
        1,
        null,
        1,
        1,
        1,
        1,
        null,
        1,
        1,
        null
      ],
      "/home/chinderer/Code/RailsProjects/personalwebsite/spec/models/tag_spec.rb": [
        1,
        2,
        2,
        null
      ],
      "/home/chinderer/Code/RailsProjects/personalwebsite/app/models/tag.rb": [
        1,
        1,
        1,
        null
      ],
      "/home/chinderer/Code/RailsProjects/personalwebsite/app/models/category.rb": [
        1,
        1,
        null
      ],
      "/home/chinderer/Code/RailsProjects/personalwebsite/app/models/resume.rb": [
        1,
        1,
        null,
        1,
        2,
        null,
        null,
        1,
        2,
        null,
        null,
        1,
        2,
        null,
        null,
        1,
        2,
        null,
        null,
        1,
        1,
        8,
        8,
        null,
        0,
        null,
        null,
        null
      ]
    },
    "timestamp": 1403283869
  }
}
